Arguments: 
  C:\Program Files\nodejs\node.exe C:\Users\kates\AppData\Roaming\npm\node_modules\yarn\bin\yarn.js start

PATH: 
  C:\ProgramData\Oracle\Java\javapath;C:\Program Files (x86)\Intel\iCLS Client\;C:\Program Files\Intel\iCLS Client\;C:\Windows\system32;C:\Windows;C:\Windows\System32\Wbem;C:\Windows\System32\WindowsPowerShell\v1.0\;C:\Program Files (x86)\Intel\Intel(R) Management Engine Components\DAL;C:\Program Files\Intel\Intel(R) Management Engine Components\DAL;C:\Program Files (x86)\Intel\Intel(R) Management Engine Components\IPT;C:\Program Files\Intel\Intel(R) Management Engine Components\IPT;C:\Program Files (x86)\NVIDIA Corporation\PhysX\Common;C:\Program Files\Intel\WiFi\bin\;C:\Program Files\Common Files\Intel\WirelessCommon\;C:\WINDOWS\system32;C:\WINDOWS;C:\WINDOWS\System32\Wbem;C:\WINDOWS\System32\WindowsPowerShell\v1.0\;C:\Program Files\Git\cmd;C:\Program Files\nodejs\;C:\Program Files\dotnet\;C:\Program Files\Microsoft SQL Server\130\Tools\Binn\;C:\Program Files\Microsoft SQL Server\Client SDK\ODBC\130\Tools\Binn\;C:\Program Files (x86)\Microsoft SQL Server\140\Tools\Binn\;C:\Program Files\Microsoft SQL Server\140\Tools\Binn\;C:\Program Files\Microsoft SQL Server\140\DTS\Binn\;C:\Program Files (x86)\Microsoft SQL Server\110\DTS\Binn\;C:\Program Files (x86)\Microsoft SQL Server\120\DTS\Binn\;C:\Program Files (x86)\Microsoft SQL Server\130\DTS\Binn\;C:\Program Files (x86)\Microsoft SQL Server\140\DTS\Binn\;C:\Program Files (x86)\Microsoft SQL Server\Client SDK\ODBC\130\Tools\Binn\;C:\Program Files (x86)\Microsoft SQL Server\140\Tools\Binn\ManagementStudio\;C:\Users\kates\AppData\Local\Microsoft\WindowsApps;C:\Users\kates\AppData\Roaming\Dashlane\4.8.6.35647\bin\Firefox_Extension\{442718d9-475e-452a-b3e1-fb1ee16b8e9f}\components;C:\Users\kates\AppData\Roaming\Dashlane\4.8.6.35647\ucrt;C:\Users\kates\AppData\Roaming\npm;C:\Program Files (x86)\Heroku\bin;C:\Program Files\MongoDB\Server\3.6\bin;C:\Program Files\Java\jdk1.8.0_161\bin;

Yarn version: 
  1.5.1

Node version: 
  6.11.3

Platform: 
  win32 x64

npm manifest: 
  {
    "name": "ibm",
    "version": "1.0.0",
    "description": "",
    "main": "index.js",
    "scripts": {
      "test": "echo \"Error: no test specified\" && exit 1"
    },
    "author": "",
    "license": "ISC"
  }

yarn manifest: 
  No manifest

Lockfile: 
  No lockfile

Trace: 
  Error: Command "start" not found.
      at MessageError.Error (native)
      at new MessageError (C:\Users\kates\AppData\Roaming\npm\node_modules\yarn\lib\cli.js:186:110)
      at C:\Users\kates\AppData\Roaming\npm\node_modules\yarn\lib\cli.js:87307:17
      at next (native)
      at step (C:\Users\kates\AppData\Roaming\npm\node_modules\yarn\lib\cli.js:98:30)
      at C:\Users\kates\AppData\Roaming\npm\node_modules\yarn\lib\cli.js:116:14
      at Promise.F (C:\Users\kates\AppData\Roaming\npm\node_modules\yarn\lib\cli.js:23451:28)
      at C:\Users\kates\AppData\Roaming\npm\node_modules\yarn\lib\cli.js:95:12
      at runCommand (C:\Users\kates\AppData\Roaming\npm\node_modules\yarn\lib\cli.js:87312:22)
      at Object.<anonymous> (C:\Users\kates\AppData\Roaming\npm\node_modules\yarn\lib\cli.js:87412:14)
